2020-07-24 15:17:09,942 INFO o.s.t.c.s.AbstractTestContextBootstrapper [main] Neither @ContextConfiguration nor @ContextHierarchy found for test class [controllers.UserControllerTest], using DelegatingSmartContextLoader
2020-07-24 15:17:10,045 INFO o.s.t.c.s.AbstractContextLoader [main] Could not detect default resource locations for test class [controllers.UserControllerTest]: no resource found for suffixes {-context.xml}.
2020-07-24 15:17:10,047 INFO o.s.t.c.s.AnnotationConfigContextLoaderUtils [main] Could not detect default configuration classes for test class [controllers.UserControllerTest]: UserControllerTest does not declare any static, non-private, non-final, nested classes annotated with @Configuration.
2020-07-24 15:17:10,102 INFO o.s.t.c.s.AbstractTestContextBootstrapper [main] Loaded default TestExecutionListener class names from location [META-INF/spring.factories]: [org.springframework.boot.test.mock.mockito.MockitoTestExecutionListener, org.springframework.boot.test.mock.mockito.ResetMocksTestExecutionListener, org.springframework.boot.test.autoconfigure.restdocs.RestDocsTestExecutionListener, org.springframework.boot.test.autoconfigure.web.client.MockRestServiceServerResetTestExecutionListener, org.springframework.boot.test.autoconfigure.web.servlet.MockMvcPrintOnlyOnFailureTestExecutionListener, org.springframework.boot.test.autoconfigure.web.servlet.WebDriverTestExecutionListener, org.springframework.test.context.web.ServletTestExecutionListener, org.springframework.test.context.support.DirtiesContextBeforeModesTestExecutionListener, org.springframework.test.context.support.DependencyInjectionTestExecutionListener, org.springframework.test.context.support.DirtiesContextTestExecutionListener, org.springframework.test.context.transaction.TransactionalTestExecutionListener, org.springframework.test.context.jdbc.SqlScriptsTestExecutionListener, org.springframework.test.context.event.EventPublishingTestExecutionListener]
2020-07-24 15:17:10,127 INFO o.s.t.c.s.AbstractTestContextBootstrapper [main] Using TestExecutionListeners: [org.springframework.test.context.web.ServletTestExecutionListener@1b6dab22, org.springframework.test.context.support.DirtiesContextBeforeModesTestExecutionListener@57832650, org.springframework.boot.test.mock.mockito.MockitoTestExecutionListener@71b3c2a7, org.springframework.test.context.support.DependencyInjectionTestExecutionListener@46724526, org.springframework.test.context.support.DirtiesContextTestExecutionListener@30b0d271, org.springframework.test.context.transaction.TransactionalTestExecutionListener@7e4fc391, org.springframework.test.context.jdbc.SqlScriptsTestExecutionListener@11869005, org.springframework.test.context.event.EventPublishingTestExecutionListener@4589bc66, org.springframework.boot.test.mock.mockito.ResetMocksTestExecutionListener@731ccdfc, org.springframework.boot.test.autoconfigure.restdocs.RestDocsTestExecutionListener@734fcb45, org.springframework.boot.test.autoconfigure.web.client.MockRestServiceServerResetTestExecutionListener@566c6b91, org.springframework.boot.test.autoconfigure.web.servlet.MockMvcPrintOnlyOnFailureTestExecutionListener@5e0e97b6, org.springframework.boot.test.autoconfigure.web.servlet.WebDriverTestExecutionListener@4b68d2a6]
2020-07-24 15:17:11,120 INFO o.h.v.i.u.Version [main] HV000001: Hibernate Validator 6.0.18.Final
2020-07-24 15:17:11,550 INFO o.s.m.w.MockServletContext [main] Initializing Spring TestDispatcherServlet ''
2020-07-24 15:17:11,551 INFO o.s.w.s.FrameworkServlet [main] Initializing Servlet ''
2020-07-24 15:17:11,555 INFO o.s.w.s.FrameworkServlet [main] Completed initialization in 4 ms
2020-07-24 15:17:11,727 INFO o.s.m.w.MockServletContext [main] Initializing Spring TestDispatcherServlet ''
2020-07-24 15:17:11,728 INFO o.s.w.s.FrameworkServlet [main] Initializing Servlet ''
2020-07-24 15:17:11,730 INFO o.s.w.s.FrameworkServlet [main] Completed initialization in 0 ms
2020-07-24 15:17:11,838 INFO o.s.m.w.MockServletContext [main] Initializing Spring TestDispatcherServlet ''
2020-07-24 15:17:11,839 INFO o.s.w.s.FrameworkServlet [main] Initializing Servlet ''
2020-07-24 15:17:11,840 INFO o.s.w.s.FrameworkServlet [main] Completed initialization in 0 ms
2020-07-24 15:17:11,865 INFO o.s.m.w.MockServletContext [main] Initializing Spring TestDispatcherServlet ''
2020-07-24 15:17:11,868 INFO o.s.w.s.FrameworkServlet [main] Initializing Servlet ''
2020-07-24 15:17:11,869 INFO o.s.w.s.FrameworkServlet [main] Completed initialization in 0 ms
2020-07-24 15:17:11,895 INFO o.s.m.w.MockServletContext [main] Initializing Spring TestDispatcherServlet ''
2020-07-24 15:17:11,895 INFO o.s.w.s.FrameworkServlet [main] Initializing Servlet ''
2020-07-24 15:17:11,897 INFO o.s.w.s.FrameworkServlet [main] Completed initialization in 0 ms
2020-07-24 15:17:11,923 INFO o.s.m.w.MockServletContext [main] Initializing Spring TestDispatcherServlet ''
2020-07-24 15:17:11,924 INFO o.s.w.s.FrameworkServlet [main] Initializing Servlet ''
2020-07-24 15:17:11,924 INFO o.s.w.s.FrameworkServlet [main] Completed initialization in 0 ms
2020-07-24 15:17:11,947 INFO o.s.m.w.MockServletContext [main] Initializing Spring TestDispatcherServlet ''
2020-07-24 15:17:11,948 INFO o.s.w.s.FrameworkServlet [main] Initializing Servlet ''
2020-07-24 15:17:11,949 INFO o.s.w.s.FrameworkServlet [main] Completed initialization in 0 ms
2020-07-24 15:17:11,962 INFO o.s.t.c.s.AbstractTestContextBootstrapper [main] Neither @ContextConfiguration nor @ContextHierarchy found for test class [repositories.specification.TypeRoomSpecificationTest], using DelegatingSmartContextLoader
2020-07-24 15:17:11,964 INFO o.s.t.c.s.AbstractContextLoader [main] Could not detect default resource locations for test class [repositories.specification.TypeRoomSpecificationTest]: no resource found for suffixes {-context.xml}.
2020-07-24 15:17:11,965 INFO o.s.t.c.s.AnnotationConfigContextLoaderUtils [main] Could not detect default configuration classes for test class [repositories.specification.TypeRoomSpecificationTest]: TypeRoomSpecificationTest does not declare any static, non-private, non-final, nested classes annotated with @Configuration.
2020-07-24 15:17:11,968 INFO o.s.t.c.s.AbstractTestContextBootstrapper [main] Loaded default TestExecutionListener class names from location [META-INF/spring.factories]: [org.springframework.boot.test.mock.mockito.MockitoTestExecutionListener, org.springframework.boot.test.mock.mockito.ResetMocksTestExecutionListener, org.springframework.boot.test.autoconfigure.restdocs.RestDocsTestExecutionListener, org.springframework.boot.test.autoconfigure.web.client.MockRestServiceServerResetTestExecutionListener, org.springframework.boot.test.autoconfigure.web.servlet.MockMvcPrintOnlyOnFailureTestExecutionListener, org.springframework.boot.test.autoconfigure.web.servlet.WebDriverTestExecutionListener, org.springframework.test.context.web.ServletTestExecutionListener, org.springframework.test.context.support.DirtiesContextBeforeModesTestExecutionListener, org.springframework.test.context.support.DependencyInjectionTestExecutionListener, org.springframework.test.context.support.DirtiesContextTestExecutionListener, org.springframework.test.context.transaction.TransactionalTestExecutionListener, org.springframework.test.context.jdbc.SqlScriptsTestExecutionListener, org.springframework.test.context.event.EventPublishingTestExecutionListener]
2020-07-24 15:17:11,969 INFO o.s.t.c.s.AbstractTestContextBootstrapper [main] Using TestExecutionListeners: [org.springframework.test.context.web.ServletTestExecutionListener@3847e7b, org.springframework.test.context.support.DirtiesContextBeforeModesTestExecutionListener@67976e3b, org.springframework.boot.test.mock.mockito.MockitoTestExecutionListener@788381b, org.springframework.test.context.support.DependencyInjectionTestExecutionListener@31b5bf26, org.springframework.test.context.support.DirtiesContextTestExecutionListener@116278cd, org.springframework.test.context.transaction.TransactionalTestExecutionListener@4d582a6c, org.springframework.test.context.jdbc.SqlScriptsTestExecutionListener@bd69b3c, org.springframework.test.context.event.EventPublishingTestExecutionListener@178659ef, org.springframework.boot.test.mock.mockito.ResetMocksTestExecutionListener@1520efc2, org.springframework.boot.test.autoconfigure.restdocs.RestDocsTestExecutionListener@1927ac40, org.springframework.boot.test.autoconfigure.web.client.MockRestServiceServerResetTestExecutionListener@2697db23, org.springframework.boot.test.autoconfigure.web.servlet.MockMvcPrintOnlyOnFailureTestExecutionListener@3fba73f, org.springframework.boot.test.autoconfigure.web.servlet.WebDriverTestExecutionListener@11b7167d]
2020-07-24 15:17:11,971 INFO o.s.t.c.s.AbstractTestContextBootstrapper [main] Neither @ContextConfiguration nor @ContextHierarchy found for test class [repositories.specification.TypeRoomSpecificationTest$SpecificationReturnData], using DelegatingSmartContextLoader
2020-07-24 15:17:11,974 INFO o.s.t.c.s.AbstractContextLoader [main] Could not detect default resource locations for test class [repositories.specification.TypeRoomSpecificationTest$SpecificationReturnData]: no resource found for suffixes {-context.xml}.
2020-07-24 15:17:11,974 INFO o.s.t.c.s.AnnotationConfigContextLoaderUtils [main] Could not detect default configuration classes for test class [repositories.specification.TypeRoomSpecificationTest$SpecificationReturnData]: SpecificationReturnData does not declare any static, non-private, non-final, nested classes annotated with @Configuration.
2020-07-24 15:17:11,976 INFO o.s.t.c.s.AbstractTestContextBootstrapper [main] Loaded default TestExecutionListener class names from location [META-INF/spring.factories]: [org.springframework.boot.test.mock.mockito.MockitoTestExecutionListener, org.springframework.boot.test.mock.mockito.ResetMocksTestExecutionListener, org.springframework.boot.test.autoconfigure.restdocs.RestDocsTestExecutionListener, org.springframework.boot.test.autoconfigure.web.client.MockRestServiceServerResetTestExecutionListener, org.springframework.boot.test.autoconfigure.web.servlet.MockMvcPrintOnlyOnFailureTestExecutionListener, org.springframework.boot.test.autoconfigure.web.servlet.WebDriverTestExecutionListener, org.springframework.test.context.web.ServletTestExecutionListener, org.springframework.test.context.support.DirtiesContextBeforeModesTestExecutionListener, org.springframework.test.context.support.DependencyInjectionTestExecutionListener, org.springframework.test.context.support.DirtiesContextTestExecutionListener, org.springframework.test.context.transaction.TransactionalTestExecutionListener, org.springframework.test.context.jdbc.SqlScriptsTestExecutionListener, org.springframework.test.context.event.EventPublishingTestExecutionListener]
2020-07-24 15:17:11,977 INFO o.s.t.c.s.AbstractTestContextBootstrapper [main] Using TestExecutionListeners: [org.springframework.test.context.web.ServletTestExecutionListener@35d6eda7, org.springframework.test.context.support.DirtiesContextBeforeModesTestExecutionListener@2d8076fd, org.springframework.boot.test.mock.mockito.MockitoTestExecutionListener@731cfe2d, org.springframework.test.context.support.DependencyInjectionTestExecutionListener@5a311acd, org.springframework.test.context.support.DirtiesContextTestExecutionListener@58886ff9, org.springframework.test.context.transaction.TransactionalTestExecutionListener@7611dd8b, org.springframework.test.context.jdbc.SqlScriptsTestExecutionListener@62e8a8f2, org.springframework.test.context.event.EventPublishingTestExecutionListener@305d3110, org.springframework.boot.test.mock.mockito.ResetMocksTestExecutionListener@2b316745, org.springframework.boot.test.autoconfigure.restdocs.RestDocsTestExecutionListener@53340a2d, org.springframework.boot.test.autoconfigure.web.client.MockRestServiceServerResetTestExecutionListener@74bc9781, org.springframework.boot.test.autoconfigure.web.servlet.MockMvcPrintOnlyOnFailureTestExecutionListener@2db0fdb7, org.springframework.boot.test.autoconfigure.web.servlet.WebDriverTestExecutionListener@d9bac0b]
2020-07-24 15:17:12,193 INFO o.s.t.c.s.AbstractTestContextBootstrapper [main] Neither @ContextConfiguration nor @ContextHierarchy found for test class [repositories.specification.TypeRoomSpecificationTest$SpecificationReturnNull], using DelegatingSmartContextLoader
2020-07-24 15:17:12,194 INFO o.s.t.c.s.AbstractContextLoader [main] Could not detect default resource locations for test class [repositories.specification.TypeRoomSpecificationTest$SpecificationReturnNull]: no resource found for suffixes {-context.xml}.
2020-07-24 15:17:12,194 INFO o.s.t.c.s.AnnotationConfigContextLoaderUtils [main] Could not detect default configuration classes for test class [repositories.specification.TypeRoomSpecificationTest$SpecificationReturnNull]: SpecificationReturnNull does not declare any static, non-private, non-final, nested classes annotated with @Configuration.
2020-07-24 15:17:12,196 INFO o.s.t.c.s.AbstractTestContextBootstrapper [main] Loaded default TestExecutionListener class names from location [META-INF/spring.factories]: [org.springframework.boot.test.mock.mockito.MockitoTestExecutionListener, org.springframework.boot.test.mock.mockito.ResetMocksTestExecutionListener, org.springframework.boot.test.autoconfigure.restdocs.RestDocsTestExecutionListener, org.springframework.boot.test.autoconfigure.web.client.MockRestServiceServerResetTestExecutionListener, org.springframework.boot.test.autoconfigure.web.servlet.MockMvcPrintOnlyOnFailureTestExecutionListener, org.springframework.boot.test.autoconfigure.web.servlet.WebDriverTestExecutionListener, org.springframework.test.context.web.ServletTestExecutionListener, org.springframework.test.context.support.DirtiesContextBeforeModesTestExecutionListener, org.springframework.test.context.support.DependencyInjectionTestExecutionListener, org.springframework.test.context.support.DirtiesContextTestExecutionListener, org.springframework.test.context.transaction.TransactionalTestExecutionListener, org.springframework.test.context.jdbc.SqlScriptsTestExecutionListener, org.springframework.test.context.event.EventPublishingTestExecutionListener]
2020-07-24 15:17:12,197 INFO o.s.t.c.s.AbstractTestContextBootstrapper [main] Using TestExecutionListeners: [org.springframework.test.context.web.ServletTestExecutionListener@4f0cfc00, org.springframework.test.context.support.DirtiesContextBeforeModesTestExecutionListener@320c6e2e, org.springframework.boot.test.mock.mockito.MockitoTestExecutionListener@2aea6d45, org.springframework.test.context.support.DependencyInjectionTestExecutionListener@463bc8ef, org.springframework.test.context.support.DirtiesContextTestExecutionListener@6effc0d4, org.springframework.test.context.transaction.TransactionalTestExecutionListener@3fd3be3b, org.springframework.test.context.jdbc.SqlScriptsTestExecutionListener@462a6cc1, org.springframework.test.context.event.EventPublishingTestExecutionListener@5e4eb85b, org.springframework.boot.test.mock.mockito.ResetMocksTestExecutionListener@4ea73a26, org.springframework.boot.test.autoconfigure.restdocs.RestDocsTestExecutionListener@6ca767af, org.springframework.boot.test.autoconfigure.web.client.MockRestServiceServerResetTestExecutionListener@797e529e, org.springframework.boot.test.autoconfigure.web.servlet.MockMvcPrintOnlyOnFailureTestExecutionListener@5259b18a, org.springframework.boot.test.autoconfigure.web.servlet.WebDriverTestExecutionListener@25d8d7ed]
2020-07-24 15:17:12,467 INFO o.s.m.w.MockServletContext [main] Initializing Spring TestDispatcherServlet ''
2020-07-24 15:17:12,467 INFO o.s.w.s.FrameworkServlet [main] Initializing Servlet ''
2020-07-24 15:17:12,468 INFO o.s.w.s.FrameworkServlet [main] Completed initialization in 0 ms
2020-07-24 15:17:12,489 INFO o.s.m.w.MockServletContext [main] Initializing Spring TestDispatcherServlet ''
2020-07-24 15:17:12,490 INFO o.s.w.s.FrameworkServlet [main] Initializing Servlet ''
2020-07-24 15:17:12,491 INFO o.s.w.s.FrameworkServlet [main] Completed initialization in 1 ms
2020-07-24 15:17:12,509 INFO o.s.m.w.MockServletContext [main] Initializing Spring TestDispatcherServlet ''
2020-07-24 15:17:12,509 INFO o.s.w.s.FrameworkServlet [main] Initializing Servlet ''
2020-07-24 15:17:12,509 INFO o.s.w.s.FrameworkServlet [main] Completed initialization in 0 ms
2020-07-24 15:17:12,584 INFO o.s.m.w.MockServletContext [main] Initializing Spring TestDispatcherServlet ''
2020-07-24 15:17:12,584 INFO o.s.w.s.FrameworkServlet [main] Initializing Servlet ''
2020-07-24 15:17:12,584 INFO o.s.w.s.FrameworkServlet [main] Completed initialization in 0 ms
2020-07-24 15:17:12,606 INFO o.s.m.w.MockServletContext [main] Initializing Spring TestDispatcherServlet ''
2020-07-24 15:17:12,607 INFO o.s.w.s.FrameworkServlet [main] Initializing Servlet ''
2020-07-24 15:17:12,607 INFO o.s.w.s.FrameworkServlet [main] Completed initialization in 0 ms
2020-07-24 15:17:12,655 INFO o.s.m.w.MockServletContext [main] Initializing Spring TestDispatcherServlet ''
2020-07-24 15:17:12,656 INFO o.s.w.s.FrameworkServlet [main] Initializing Servlet ''
2020-07-24 15:17:12,656 INFO o.s.w.s.FrameworkServlet [main] Completed initialization in 0 ms
2020-07-24 15:17:12,676 INFO o.s.m.w.MockServletContext [main] Initializing Spring TestDispatcherServlet ''
2020-07-24 15:17:12,677 INFO o.s.w.s.FrameworkServlet [main] Initializing Servlet ''
2020-07-24 15:17:12,677 INFO o.s.w.s.FrameworkServlet [main] Completed initialization in 0 ms
2020-07-24 15:17:12,697 INFO o.s.m.w.MockServletContext [main] Initializing Spring TestDispatcherServlet ''
2020-07-24 15:17:12,698 INFO o.s.w.s.FrameworkServlet [main] Initializing Servlet ''
2020-07-24 15:17:12,699 INFO o.s.w.s.FrameworkServlet [main] Completed initialization in 0 ms
2020-07-24 15:17:12,725 INFO o.s.m.w.MockServletContext [main] Initializing Spring TestDispatcherServlet ''
2020-07-24 15:17:12,725 INFO o.s.w.s.FrameworkServlet [main] Initializing Servlet ''
2020-07-24 15:17:12,725 INFO o.s.w.s.FrameworkServlet [main] Completed initialization in 0 ms
2020-07-24 15:17:12,752 INFO o.s.m.w.MockServletContext [main] Initializing Spring TestDispatcherServlet ''
2020-07-24 15:17:12,752 INFO o.s.w.s.FrameworkServlet [main] Initializing Servlet ''
2020-07-24 15:17:12,753 INFO o.s.w.s.FrameworkServlet [main] Completed initialization in 0 ms
2020-07-24 15:17:13,228 INFO c.s.t.s.i.UserServicesImpl [main] Not found user!
2020-07-24 15:17:13,230 INFO c.s.t.s.i.UserServicesImpl [main] Get all user fail,not found user
2020-07-24 15:17:13,235 INFO c.s.t.s.i.UserServicesImpl [main] Get all user success
2020-07-24 15:17:13,239 INFO c.s.t.s.i.UserServicesImpl [main] user exist
2020-07-24 15:17:13,245 INFO c.s.t.s.i.UserServicesImpl [main] Create user success
2020-07-24 15:17:13,248 INFO c.s.t.s.i.UserServicesImpl [main] Get all user success
2020-07-24 15:17:13,253 INFO c.s.t.s.i.UserServicesImpl [main] Find User by name success!
2020-07-24 15:17:13,257 INFO c.s.t.s.i.UserServicesImpl [main] Get all user success
