2020-07-31 12:31:13,427 INFO o.s.b.StartupInfoLogger [main] Starting ServiceApplication on DESKTOP-C2K9OKI with PID 5940 (C:\Users\PC\Documents\Github\hanoi-java-fresher-proj\review\Java_Project\service\target\classes started by PC in C:\Users\PC\Documents\Github\hanoi-java-fresher-proj\review\Java_Project)
2020-07-31 12:31:13,479 INFO o.s.b.SpringApplication [main] No active profile set, falling back to default profiles: default
2020-07-31 12:31:14,268 INFO o.s.d.r.c.RepositoryConfigurationDelegate [main] Bootstrapping Spring Data JPA repositories in DEFERRED mode.
2020-07-31 12:31:14,361 INFO o.s.d.r.c.RepositoryConfigurationDelegate [main] Finished Spring Data repository scanning in 87ms. Found 8 JPA repository interfaces.
2020-07-31 12:31:14,570 INFO o.s.c.s.PostProcessorRegistrationDelegate$BeanPostProcessorChecker [main] Bean 'xmlConfiguration' of type [com.smartosc.training.config.XmlConfiguration$$EnhancerBySpringCGLIB$$20561d3b] is not eligible for getting processed by all BeanPostProcessors (for example: not eligible for auto-proxying)
2020-07-31 12:31:14,571 INFO o.s.c.s.PostProcessorRegistrationDelegate$BeanPostProcessorChecker [main] Bean 'org.springframework.ws.config.annotation.DelegatingWsConfiguration' of type [org.springframework.ws.config.annotation.DelegatingWsConfiguration$$EnhancerBySpringCGLIB$$82df7c13] is not eligible for getting processed by all BeanPostProcessors (for example: not eligible for auto-proxying)
2020-07-31 12:31:14,595 INFO o.s.c.s.PostProcessorRegistrationDelegate$BeanPostProcessorChecker [main] Bean 'payloadLoggingInterceptor' of type [org.springframework.ws.server.endpoint.interceptor.PayloadLoggingInterceptor] is not eligible for getting processed by all BeanPostProcessors (for example: not eligible for auto-proxying)
2020-07-31 12:31:14,600 INFO o.s.c.s.PostProcessorRegistrationDelegate$BeanPostProcessorChecker [main] Bean 'typeRoomSchema' of type [org.springframework.xml.xsd.SimpleXsdSchema] is not eligible for getting processed by all BeanPostProcessors (for example: not eligible for auto-proxying)
2020-07-31 12:31:14,633 INFO o.s.c.s.PostProcessorRegistrationDelegate$BeanPostProcessorChecker [main] Bean 'payloadValidatingInterceptor' of type [org.springframework.ws.soap.server.endpoint.interceptor.PayloadValidatingInterceptor] is not eligible for getting processed by all BeanPostProcessors (for example: not eligible for auto-proxying)
2020-07-31 12:31:14,635 INFO o.s.w.s.a.s.AbstractAddressingEndpointMapping [main] Supporting [WS-Addressing August 2004, WS-Addressing 1.0]
2020-07-31 12:31:14,651 INFO o.s.c.s.PostProcessorRegistrationDelegate$BeanPostProcessorChecker [main] Bean 'org.springframework.retry.annotation.RetryConfiguration' of type [org.springframework.retry.annotation.RetryConfiguration$$EnhancerBySpringCGLIB$$d40b4f39] is not eligible for getting processed by all BeanPostProcessors (for example: not eligible for auto-proxying)
2020-07-31 12:31:14,744 INFO o.s.c.s.PostProcessorRegistrationDelegate$BeanPostProcessorChecker [main] Bean 'org.springframework.security.access.expression.method.DefaultMethodSecurityExpressionHandler@8f39224' of type [org.springframework.security.access.expression.method.DefaultMethodSecurityExpressionHandler] is not eligible for getting processed by all BeanPostProcessors (for example: not eligible for auto-proxying)
2020-07-31 12:31:14,753 INFO o.s.c.s.PostProcessorRegistrationDelegate$BeanPostProcessorChecker [main] Bean 'methodSecurityMetadataSource' of type [org.springframework.security.access.method.DelegatingMethodSecurityMetadataSource] is not eligible for getting processed by all BeanPostProcessors (for example: not eligible for auto-proxying)
2020-07-31 12:31:14,967 INFO o.s.b.w.e.t.TomcatWebServer [main] Tomcat initialized with port(s): 8004 (http)
2020-07-31 12:31:14,972 INFO o.a.j.l.DirectJDKLog [main] Initializing ProtocolHandler ["http-nio-8004"]
2020-07-31 12:31:14,973 INFO o.a.j.l.DirectJDKLog [main] Starting service [Tomcat]
2020-07-31 12:31:14,975 INFO o.a.j.l.DirectJDKLog [main] Starting Servlet engine: [Apache Tomcat/9.0.36]
2020-07-31 12:31:15,092 INFO o.a.j.l.DirectJDKLog [main] Initializing Spring embedded WebApplicationContext
2020-07-31 12:31:15,092 INFO o.s.b.w.s.c.ServletWebServerApplicationContext [main] Root WebApplicationContext: initialization completed in 1586 ms
2020-07-31 12:31:15,177 WARN o.s.b.a.o.j.JpaBaseConfiguration$JpaWebConfiguration [main] spring.jpa.open-in-view is enabled by default. Therefore, database queries may be performed during view rendering. Explicitly configure spring.jpa.open-in-view to disable this warning
2020-07-31 12:31:15,276 INFO o.s.s.c.ExecutorConfigurationSupport [main] Initializing ExecutorService 'applicationTaskExecutor'
2020-07-31 12:31:15,327 INFO o.h.j.i.u.LogHelper [task-1] HHH000204: Processing PersistenceUnitInfo [name: default]
2020-07-31 12:31:15,370 INFO o.h.Version [task-1] HHH000412: Hibernate ORM core version 5.4.17.Final
2020-07-31 12:31:15,463 INFO o.h.a.c.r.j.JavaReflectionManager [task-1] HCANN000001: Hibernate Commons Annotations {5.1.0.Final}
2020-07-31 12:31:15,539 INFO c.z.h.HikariDataSource [task-1] HikariPool-1 - Starting...
2020-07-31 12:31:15,779 INFO c.z.h.HikariDataSource [task-1] HikariPool-1 - Start completed.
2020-07-31 12:31:15,791 INFO o.h.d.Dialect [task-1] HHH000400: Using dialect: org.hibernate.dialect.MySQL5InnoDBDialect
2020-07-31 12:31:15,854 INFO s.d.s.w.PropertySourcedRequestMappingHandlerMapping [main] Mapped URL path [/v2/api-docs] onto method [springfox.documentation.swagger2.web.Swagger2Controller#getDocumentation(String, HttpServletRequest)]
2020-07-31 12:31:16,037 INFO o.s.s.w.DefaultSecurityFilterChain [main] Creating filter chain: Ant [pattern='/resources/**'], []
2020-07-31 12:31:16,037 INFO o.s.s.w.DefaultSecurityFilterChain [main] Creating filter chain: Ant [pattern='/static/**'], []
2020-07-31 12:31:16,037 INFO o.s.s.w.DefaultSecurityFilterChain [main] Creating filter chain: Ant [pattern='/css/**'], []
2020-07-31 12:31:16,037 INFO o.s.s.w.DefaultSecurityFilterChain [main] Creating filter chain: Ant [pattern='/js/**'], []
2020-07-31 12:31:16,038 INFO o.s.s.w.DefaultSecurityFilterChain [main] Creating filter chain: Ant [pattern='/images/**'], []
2020-07-31 12:31:16,097 INFO o.s.s.w.DefaultSecurityFilterChain [main] Creating filter chain: any request, [org.springframework.security.web.context.request.async.WebAsyncManagerIntegrationFilter@62f7d7bd, org.springframework.security.web.context.SecurityContextPersistenceFilter@17c34e62, org.springframework.security.web.header.HeaderWriterFilter@665b441e, org.springframework.security.web.authentication.logout.LogoutFilter@56dde9f7, com.smartosc.training.securities.RequestFilter@77a9ac36, org.springframework.security.web.authentication.UsernamePasswordAuthenticationFilter@575c23f1, org.springframework.security.web.savedrequest.RequestCacheAwareFilter@6bf28f61, org.springframework.security.web.servletapi.SecurityContextHolderAwareRequestFilter@61ce238e, org.springframework.security.web.authentication.AnonymousAuthenticationFilter@de63949, org.springframework.security.web.session.SessionManagementFilter@3a5e4f32, org.springframework.security.web.access.ExceptionTranslationFilter@4e9bd2c8, org.springframework.security.web.access.intercept.FilterSecurityInterceptor@79fcd194]
2020-07-31 12:31:16,627 INFO o.a.j.l.DirectJDKLog [main] Starting ProtocolHandler ["http-nio-8004"]
2020-07-31 12:31:16,648 INFO o.s.b.w.e.t.TomcatWebServer [main] Tomcat started on port(s): 8004 (http) with context path ''
2020-07-31 12:31:16,649 INFO s.d.s.w.p.DocumentationPluginsBootstrapper [main] Context refreshed
2020-07-31 12:31:16,668 INFO s.d.s.w.p.DocumentationPluginsBootstrapper [main] Found 1 custom documentation plugin(s)
2020-07-31 12:31:16,716 INFO s.d.s.w.s.ApiListingReferenceScanner [main] Scanning for api listing references
2020-07-31 12:31:16,772 INFO s.b.v.p.p.SizeAnnotationPlugin [main] searching for @size: false
2020-07-31 12:31:16,822 INFO o.h.e.t.j.p.i.JtaPlatformInitiator [task-1] HHH000490: Using JtaPlatform implementation: [org.hibernate.engine.transaction.jta.platform.internal.NoJtaPlatform]
2020-07-31 12:31:16,832 INFO o.s.o.j.AbstractEntityManagerFactoryBean [task-1] Initialized JPA EntityManagerFactory for persistence unit 'default'
2020-07-31 12:31:16,847 INFO s.b.v.p.p.SizeAnnotationPlugin [main] searching for @size: false
2020-07-31 12:31:16,853 INFO s.b.v.p.p.SizeAnnotationPlugin [main] searching for @size: false
2020-07-31 12:31:16,854 INFO s.b.v.p.p.SizeAnnotationPlugin [main] searching for @size: false
2020-07-31 12:31:16,859 INFO s.b.v.p.p.SizeAnnotationPlugin [main] searching for @size: false
2020-07-31 12:31:16,860 INFO s.b.v.p.p.SizeAnnotationPlugin [main] searching for @size: false
2020-07-31 12:31:16,867 INFO s.b.v.p.p.SizeAnnotationPlugin [main] searching for @size: false
2020-07-31 12:31:16,872 INFO s.b.v.p.p.SizeAnnotationPlugin [main] searching for @size: false
2020-07-31 12:31:16,884 INFO s.b.v.p.p.SizeAnnotationPlugin [main] searching for @size: false
2020-07-31 12:31:16,885 INFO s.b.v.p.p.SizeAnnotationPlugin [main] searching for @size: false
2020-07-31 12:31:16,887 INFO s.b.v.p.p.SizeAnnotationPlugin [main] searching for @size: false
2020-07-31 12:31:16,890 INFO s.b.v.p.p.SizeAnnotationPlugin [main] searching for @size: false
2020-07-31 12:31:16,893 INFO s.b.v.p.p.SizeAnnotationPlugin [main] searching for @size: false
2020-07-31 12:31:16,895 INFO s.b.v.p.p.SizeAnnotationPlugin [main] searching for @size: false
2020-07-31 12:31:16,899 INFO s.b.v.p.p.SizeAnnotationPlugin [main] searching for @size: false
2020-07-31 12:31:16,901 INFO s.b.v.p.p.SizeAnnotationPlugin [main] searching for @size: false
2020-07-31 12:31:16,905 INFO s.b.v.p.p.SizeAnnotationPlugin [main] searching for @size: false
2020-07-31 12:31:16,906 INFO s.b.v.p.p.SizeAnnotationPlugin [main] searching for @size: false
2020-07-31 12:31:16,908 INFO s.b.v.p.p.SizeAnnotationPlugin [main] searching for @size: false
2020-07-31 12:31:16,910 INFO s.d.s.w.r.o.CachingOperationNameGenerator [main] Generating unique operation named: updateInformationUsingPUT_1
2020-07-31 12:31:16,912 INFO s.b.v.p.p.SizeAnnotationPlugin [main] searching for @size: false
2020-07-31 12:31:16,912 INFO s.d.s.w.r.o.CachingOperationNameGenerator [main] Generating unique operation named: createTypeRoomUsingPOST_1
2020-07-31 12:31:16,914 INFO s.b.v.p.p.SizeAnnotationPlugin [main] searching for @size: false
2020-07-31 12:31:16,916 INFO s.b.v.p.p.SizeAnnotationPlugin [main] searching for @size: false
2020-07-31 12:31:16,919 INFO s.b.v.p.p.SizeAnnotationPlugin [main] searching for @size: false
2020-07-31 12:31:16,919 INFO s.d.s.w.r.o.CachingOperationNameGenerator [main] Generating unique operation named: updateTypeRoomUsingPUT_1
2020-07-31 12:31:16,923 INFO s.b.v.p.p.SizeAnnotationPlugin [main] searching for @size: false
2020-07-31 12:31:16,925 INFO s.b.v.p.p.SizeAnnotationPlugin [main] searching for @size: false
2020-07-31 12:31:16,931 INFO s.b.v.p.p.SizeAnnotationPlugin [main] searching for @size: false
2020-07-31 12:31:16,933 INFO s.b.v.p.p.SizeAnnotationPlugin [main] searching for @size: false
2020-07-31 12:31:16,933 INFO s.b.v.p.p.SizeAnnotationPlugin [main] searching for @size: false
2020-07-31 12:31:16,944 INFO o.s.d.r.c.DeferredRepositoryInitializationListener [main] Triggering deferred initialization of Spring Data repositories…
2020-07-31 12:31:17,415 INFO o.s.d.r.c.DeferredRepositoryInitializationListener [main] Spring Data repositories initialized!
2020-07-31 12:31:17,422 INFO o.s.b.StartupInfoLogger [main] Started ServiceApplication in 4.313 seconds (JVM running for 5.301)
2020-07-31 12:31:55,103 INFO o.a.j.l.DirectJDKLog [http-nio-8004-exec-1] Initializing Spring DispatcherServlet 'dispatcherServlet'
2020-07-31 12:31:55,103 INFO o.s.w.s.FrameworkServlet [http-nio-8004-exec-1] Initializing Servlet 'dispatcherServlet'
2020-07-31 12:31:55,112 INFO o.s.w.s.FrameworkServlet [http-nio-8004-exec-1] Completed initialization in 9 ms
2020-07-31 12:31:55,124 WARN c.s.t.s.RequestFilter [http-nio-8004-exec-1] JWT Token does not begin with Bearer String
2020-07-31 12:31:55,150 INFO c.s.t.a.LoggingAspect [http-nio-8004-exec-1] Attempting at 1 time(s)
2020-07-31 12:31:55,184 WARN c.s.t.a.LoggingAspect [http-nio-8004-exec-1] Optional org.springframework.data.repository.CrudRepository.findById(Object) exec in 30 ms
2020-07-31 12:31:55,184 ERROR c.s.t.a.LoggingAspect [http-nio-8004-exec-1] Server exception
2020-07-31 12:31:55,187 WARN c.s.t.a.LoggingAspect [http-nio-8004-exec-1] Optional org.springframework.data.repository.CrudRepository.findById(Object) exec in 2 ms
2020-07-31 12:31:55,195 WARN o.s.w.s.m.m.a.ExceptionHandlerExceptionResolver [http-nio-8004-exec-1] Failure in @ExceptionHandler com.smartosc.training.exceptions.CustomExceptionHandler#customHandleNotFound(NotFoundException, WebRequest, Locale)
org.springframework.context.NoSuchMessageException: No message found under code 'Thách mi tìm được đấy!' for locale 'vi_VN'.
	at org.springframework.context.support.AbstractMessageSource.getMessage(AbstractMessageSource.java:161) ~[spring-context-5.2.7.RELEASE.jar:5.2.7.RELEASE]
	at com.smartosc.training.exceptions.CustomExceptionHandler.customHandleNotFound(CustomExceptionHandler.java:71) ~[classes/:?]
	at jdk.internal.reflect.NativeMethodAccessorImpl.invoke0(Native Method) ~[?:?]
	at jdk.internal.reflect.NativeMethodAccessorImpl.invoke(NativeMethodAccessorImpl.java:62) ~[?:?]
	at jdk.internal.reflect.DelegatingMethodAccessorImpl.invoke(DelegatingMethodAccessorImpl.java:43) ~[?:?]
	at java.lang.reflect.Method.invoke(Method.java:566) ~[?:?]
	at org.springframework.web.method.support.InvocableHandlerMethod.doInvoke(InvocableHandlerMethod.java:190) ~[spring-web-5.2.7.RELEASE.jar:5.2.7.RELEASE]
	at org.springframework.web.method.support.InvocableHandlerMethod.invokeForRequest(InvocableHandlerMethod.java:138) ~[spring-web-5.2.7.RELEASE.jar:5.2.7.RELEASE]
	at org.springframework.web.servlet.mvc.method.annotation.ServletInvocableHandlerMethod.invokeAndHandle(ServletInvocableHandlerMethod.java:105) ~[spring-webmvc-5.2.7.RELEASE.jar:5.2.7.RELEASE]
	at org.springframework.web.servlet.mvc.method.annotation.ExceptionHandlerExceptionResolver.doResolveHandlerMethodException(ExceptionHandlerExceptionResolver.java:407) [spring-webmvc-5.2.7.RELEASE.jar:5.2.7.RELEASE]
	at org.springframework.web.servlet.handler.AbstractHandlerMethodExceptionResolver.doResolveException(AbstractHandlerMethodExceptionResolver.java:61) [spring-webmvc-5.2.7.RELEASE.jar:5.2.7.RELEASE]
	at org.springframework.web.servlet.handler.AbstractHandlerExceptionResolver.resolveException(AbstractHandlerExceptionResolver.java:141) [spring-webmvc-5.2.7.RELEASE.jar:5.2.7.RELEASE]
	at org.springframework.web.servlet.handler.HandlerExceptionResolverComposite.resolveException(HandlerExceptionResolverComposite.java:80) [spring-webmvc-5.2.7.RELEASE.jar:5.2.7.RELEASE]
	at org.springframework.web.servlet.DispatcherServlet.processHandlerException(DispatcherServlet.java:1300) [spring-webmvc-5.2.7.RELEASE.jar:5.2.7.RELEASE]
	at org.springframework.web.servlet.DispatcherServlet.processDispatchResult(DispatcherServlet.java:1111) [spring-webmvc-5.2.7.RELEASE.jar:5.2.7.RELEASE]
	at org.springframework.web.servlet.DispatcherServlet.doDispatch(DispatcherServlet.java:1057) [spring-webmvc-5.2.7.RELEASE.jar:5.2.7.RELEASE]
	at org.springframework.web.servlet.DispatcherServlet.doService(DispatcherServlet.java:943) [spring-webmvc-5.2.7.RELEASE.jar:5.2.7.RELEASE]
	at org.springframework.web.servlet.FrameworkServlet.processRequest(FrameworkServlet.java:1006) [spring-webmvc-5.2.7.RELEASE.jar:5.2.7.RELEASE]
	at org.springframework.web.servlet.FrameworkServlet.doGet(FrameworkServlet.java:898) [spring-webmvc-5.2.7.RELEASE.jar:5.2.7.RELEASE]
	at javax.servlet.http.HttpServlet.service(HttpServlet.java:634) [tomcat-embed-core-9.0.36.jar:9.0.36]
	at org.springframework.web.servlet.FrameworkServlet.service(FrameworkServlet.java:883) [spring-webmvc-5.2.7.RELEASE.jar:5.2.7.RELEASE]
	at javax.servlet.http.HttpServlet.service(HttpServlet.java:741) [tomcat-embed-core-9.0.36.jar:9.0.36]
	at org.apache.catalina.core.ApplicationFilterChain.internalDoFilter(ApplicationFilterChain.java:231) [tomcat-embed-core-9.0.36.jar:9.0.36]
	at org.apache.catalina.core.ApplicationFilterChain.doFilter(ApplicationFilterChain.java:166) [tomcat-embed-core-9.0.36.jar:9.0.36]
	at org.apache.tomcat.websocket.server.WsFilter.doFilter(WsFilter.java:53) [tomcat-embed-websocket-9.0.36.jar:9.0.36]
	at org.apache.catalina.core.ApplicationFilterChain.internalDoFilter(ApplicationFilterChain.java:193) [tomcat-embed-core-9.0.36.jar:9.0.36]
	at org.apache.catalina.core.ApplicationFilterChain.doFilter(ApplicationFilterChain.java:166) [tomcat-embed-core-9.0.36.jar:9.0.36]
	at org.springframework.web.filter.OncePerRequestFilter.doFilter(OncePerRequestFilter.java:113) [spring-web-5.2.7.RELEASE.jar:5.2.7.RELEASE]
	at org.apache.catalina.core.ApplicationFilterChain.internalDoFilter(ApplicationFilterChain.java:193) [tomcat-embed-core-9.0.36.jar:9.0.36]
	at org.apache.catalina.core.ApplicationFilterChain.doFilter(ApplicationFilterChain.java:166) [tomcat-embed-core-9.0.36.jar:9.0.36]
	at org.springframework.security.web.FilterChainProxy$VirtualFilterChain.doFilter(FilterChainProxy.java:320) [spring-security-web-5.3.3.RELEASE.jar:5.3.3.RELEASE]
	at org.springframework.security.web.access.intercept.FilterSecurityInterceptor.invoke(FilterSecurityInterceptor.java:126) [spring-security-web-5.3.3.RELEASE.jar:5.3.3.RELEASE]
	at org.springframework.security.web.access.intercept.FilterSecurityInterceptor.doFilter(FilterSecurityInterceptor.java:90) [spring-security-web-5.3.3.RELEASE.jar:5.3.3.RELEASE]
	at org.springframework.security.web.FilterChainProxy$VirtualFilterChain.doFilter(FilterChainProxy.java:334) [spring-security-web-5.3.3.RELEASE.jar:5.3.3.RELEASE]
	at org.springframework.security.web.access.ExceptionTranslationFilter.doFilter(ExceptionTranslationFilter.java:118) [spring-security-web-5.3.3.RELEASE.jar:5.3.3.RELEASE]
	at org.springframework.security.web.FilterChainProxy$VirtualFilterChain.doFilter(FilterChainProxy.java:334) [spring-security-web-5.3.3.RELEASE.jar:5.3.3.RELEASE]
	at org.springframework.security.web.session.SessionManagementFilter.doFilter(SessionManagementFilter.java:137) [spring-security-web-5.3.3.RELEASE.jar:5.3.3.RELEASE]
	at org.springframework.security.web.FilterChainProxy$VirtualFilterChain.doFilter(FilterChainProxy.java:334) [spring-security-web-5.3.3.RELEASE.jar:5.3.3.RELEASE]
	at org.springframework.security.web.authentication.AnonymousAuthenticationFilter.doFilter(AnonymousAuthenticationFilter.java:111) [spring-security-web-5.3.3.RELEASE.jar:5.3.3.RELEASE]
	at org.springframework.security.web.FilterChainProxy$VirtualFilterChain.doFilter(FilterChainProxy.java:334) [spring-security-web-5.3.3.RELEASE.jar:5.3.3.RELEASE]
	at org.springframework.security.web.servletapi.SecurityContextHolderAwareRequestFilter.doFilter(SecurityContextHolderAwareRequestFilter.java:158) [spring-security-web-5.3.3.RELEASE.jar:5.3.3.RELEASE]
	at org.springframework.security.web.FilterChainProxy$VirtualFilterChain.doFilter(FilterChainProxy.java:334) [spring-security-web-5.3.3.RELEASE.jar:5.3.3.RELEASE]
	at org.springframework.security.web.savedrequest.RequestCacheAwareFilter.doFilter(RequestCacheAwareFilter.java:63) [spring-security-web-5.3.3.RELEASE.jar:5.3.3.RELEASE]
	at org.springframework.security.web.FilterChainProxy$VirtualFilterChain.doFilter(FilterChainProxy.java:334) [spring-security-web-5.3.3.RELEASE.jar:5.3.3.RELEASE]
	at org.springframework.security.web.authentication.AbstractAuthenticationProcessingFilter.doFilter(AbstractAuthenticationProcessingFilter.java:200) [spring-security-web-5.3.3.RELEASE.jar:5.3.3.RELEASE]
	at org.springframework.security.web.FilterChainProxy$VirtualFilterChain.doFilter(FilterChainProxy.java:334) [spring-security-web-5.3.3.RELEASE.jar:5.3.3.RELEASE]
	at com.smartosc.training.securities.RequestFilter.doFilterInternal(RequestFilter.java:64) [classes/:?]
	at org.springframework.web.filter.OncePerRequestFilter.doFilter(OncePerRequestFilter.java:119) [spring-web-5.2.7.RELEASE.jar:5.2.7.RELEASE]
	at org.springframework.security.web.FilterChainProxy$VirtualFilterChain.doFilter(FilterChainProxy.java:334) [spring-security-web-5.3.3.RELEASE.jar:5.3.3.RELEASE]
	at org.springframework.security.web.authentication.logout.LogoutFilter.doFilter(LogoutFilter.java:116) [spring-security-web-5.3.3.RELEASE.jar:5.3.3.RELEASE]
	at org.springframework.security.web.FilterChainProxy$VirtualFilterChain.doFilter(FilterChainProxy.java:334) [spring-security-web-5.3.3.RELEASE.jar:5.3.3.RELEASE]
	at org.springframework.security.web.header.HeaderWriterFilter.doHeadersAfter(HeaderWriterFilter.java:92) [spring-security-web-5.3.3.RELEASE.jar:5.3.3.RELEASE]
	at org.springframework.security.web.header.HeaderWriterFilter.doFilterInternal(HeaderWriterFilter.java:77) [spring-security-web-5.3.3.RELEASE.jar:5.3.3.RELEASE]
	at org.springframework.web.filter.OncePerRequestFilter.doFilter(OncePerRequestFilter.java:119) [spring-web-5.2.7.RELEASE.jar:5.2.7.RELEASE]
	at org.springframework.security.web.FilterChainProxy$VirtualFilterChain.doFilter(FilterChainProxy.java:334) [spring-security-web-5.3.3.RELEASE.jar:5.3.3.RELEASE]
	at org.springframework.security.web.context.SecurityContextPersistenceFilter.doFilter(SecurityContextPersistenceFilter.java:105) [spring-security-web-5.3.3.RELEASE.jar:5.3.3.RELEASE]
	at org.springframework.security.web.FilterChainProxy$VirtualFilterChain.doFilter(FilterChainProxy.java:334) [spring-security-web-5.3.3.RELEASE.jar:5.3.3.RELEASE]
	at org.springframework.security.web.context.request.async.WebAsyncManagerIntegrationFilter.doFilterInternal(WebAsyncManagerIntegrationFilter.java:56) [spring-security-web-5.3.3.RELEASE.jar:5.3.3.RELEASE]
	at org.springframework.web.filter.OncePerRequestFilter.doFilter(OncePerRequestFilter.java:119) [spring-web-5.2.7.RELEASE.jar:5.2.7.RELEASE]
	at org.springframework.security.web.FilterChainProxy$VirtualFilterChain.doFilter(FilterChainProxy.java:334) [spring-security-web-5.3.3.RELEASE.jar:5.3.3.RELEASE]
	at org.springframework.security.web.FilterChainProxy.doFilterInternal(FilterChainProxy.java:215) [spring-security-web-5.3.3.RELEASE.jar:5.3.3.RELEASE]
	at org.springframework.security.web.FilterChainProxy.doFilter(FilterChainProxy.java:178) [spring-security-web-5.3.3.RELEASE.jar:5.3.3.RELEASE]
	at org.springframework.web.filter.DelegatingFilterProxy.invokeDelegate(DelegatingFilterProxy.java:358) [spring-web-5.2.7.RELEASE.jar:5.2.7.RELEASE]
	at org.springframework.web.filter.DelegatingFilterProxy.doFilter(DelegatingFilterProxy.java:271) [spring-web-5.2.7.RELEASE.jar:5.2.7.RELEASE]
	at org.apache.catalina.core.ApplicationFilterChain.internalDoFilter(ApplicationFilterChain.java:193) [tomcat-embed-core-9.0.36.jar:9.0.36]
	at org.apache.catalina.core.ApplicationFilterChain.doFilter(ApplicationFilterChain.java:166) [tomcat-embed-core-9.0.36.jar:9.0.36]
	at org.springframework.web.filter.RequestContextFilter.doFilterInternal(RequestContextFilter.java:100) [spring-web-5.2.7.RELEASE.jar:5.2.7.RELEASE]
	at org.springframework.web.filter.OncePerRequestFilter.doFilter(OncePerRequestFilter.java:119) [spring-web-5.2.7.RELEASE.jar:5.2.7.RELEASE]
	at org.apache.catalina.core.ApplicationFilterChain.internalDoFilter(ApplicationFilterChain.java:193) [tomcat-embed-core-9.0.36.jar:9.0.36]
	at org.apache.catalina.core.ApplicationFilterChain.doFilter(ApplicationFilterChain.java:166) [tomcat-embed-core-9.0.36.jar:9.0.36]
	at org.springframework.web.filter.FormContentFilter.doFilterInternal(FormContentFilter.java:93) [spring-web-5.2.7.RELEASE.jar:5.2.7.RELEASE]
	at org.springframework.web.filter.OncePerRequestFilter.doFilter(OncePerRequestFilter.java:119) [spring-web-5.2.7.RELEASE.jar:5.2.7.RELEASE]
	at org.apache.catalina.core.ApplicationFilterChain.internalDoFilter(ApplicationFilterChain.java:193) [tomcat-embed-core-9.0.36.jar:9.0.36]
	at org.apache.catalina.core.ApplicationFilterChain.doFilter(ApplicationFilterChain.java:166) [tomcat-embed-core-9.0.36.jar:9.0.36]
	at org.springframework.web.filter.CharacterEncodingFilter.doFilterInternal(CharacterEncodingFilter.java:201) [spring-web-5.2.7.RELEASE.jar:5.2.7.RELEASE]
	at org.springframework.web.filter.OncePerRequestFilter.doFilter(OncePerRequestFilter.java:119) [spring-web-5.2.7.RELEASE.jar:5.2.7.RELEASE]
	at org.apache.catalina.core.ApplicationFilterChain.internalDoFilter(ApplicationFilterChain.java:193) [tomcat-embed-core-9.0.36.jar:9.0.36]
	at org.apache.catalina.core.ApplicationFilterChain.doFilter(ApplicationFilterChain.java:166) [tomcat-embed-core-9.0.36.jar:9.0.36]
	at org.apache.catalina.core.StandardWrapperValve.invoke(StandardWrapperValve.java:202) [tomcat-embed-core-9.0.36.jar:9.0.36]
	at org.apache.catalina.core.StandardContextValve.invoke(StandardContextValve.java:96) [tomcat-embed-core-9.0.36.jar:9.0.36]
	at org.apache.catalina.authenticator.AuthenticatorBase.invoke(AuthenticatorBase.java:541) [tomcat-embed-core-9.0.36.jar:9.0.36]
	at org.apache.catalina.core.StandardHostValve.invoke(StandardHostValve.java:139) [tomcat-embed-core-9.0.36.jar:9.0.36]
	at org.apache.catalina.valves.ErrorReportValve.invoke(ErrorReportValve.java:92) [tomcat-embed-core-9.0.36.jar:9.0.36]
	at org.apache.catalina.core.StandardEngineValve.invoke(StandardEngineValve.java:74) [tomcat-embed-core-9.0.36.jar:9.0.36]
	at org.apache.catalina.connector.CoyoteAdapter.service(CoyoteAdapter.java:343) [tomcat-embed-core-9.0.36.jar:9.0.36]
	at org.apache.coyote.http11.Http11Processor.service(Http11Processor.java:373) [tomcat-embed-core-9.0.36.jar:9.0.36]
	at org.apache.coyote.AbstractProcessorLight.process(AbstractProcessorLight.java:65) [tomcat-embed-core-9.0.36.jar:9.0.36]
	at org.apache.coyote.AbstractProtocol$ConnectionHandler.process(AbstractProtocol.java:868) [tomcat-embed-core-9.0.36.jar:9.0.36]
	at org.apache.tomcat.util.net.NioEndpoint$SocketProcessor.doRun(NioEndpoint.java:1590) [tomcat-embed-core-9.0.36.jar:9.0.36]
	at org.apache.tomcat.util.net.SocketProcessorBase.run(SocketProcessorBase.java:49) [tomcat-embed-core-9.0.36.jar:9.0.36]
	at java.util.concurrent.ThreadPoolExecutor.runWorker(ThreadPoolExecutor.java:1128) [?:?]
	at java.util.concurrent.ThreadPoolExecutor$Worker.run(ThreadPoolExecutor.java:628) [?:?]
	at org.apache.tomcat.util.threads.TaskThread$WrappingRunnable.run(TaskThread.java:61) [tomcat-embed-core-9.0.36.jar:9.0.36]
	at java.lang.Thread.run(Thread.java:834) [?:?]
