2020-07-24 14:58:01,689 INFO o.s.b.StartupInfoLogger [main] Starting ServiceApplication on DESKTOP-C2K9OKI with PID 10524 (C:\Users\PC\Documents\Github\hanoi-java-fresher-proj\review\Java_Project\service\target\classes started by PC in C:\Users\PC\Documents\Github\hanoi-java-fresher-proj\review\Java_Project)
2020-07-24 14:58:01,740 INFO o.s.b.SpringApplication [main] No active profile set, falling back to default profiles: default
2020-07-24 14:58:02,440 INFO o.s.d.r.c.RepositoryConfigurationDelegate [main] Bootstrapping Spring Data JPA repositories in DEFAULT mode.
2020-07-24 14:58:02,535 INFO o.s.d.r.c.RepositoryConfigurationDelegate [main] Finished Spring Data repository scanning in 88ms. Found 8 JPA repository interfaces.
2020-07-24 14:58:02,731 INFO o.s.c.s.PostProcessorRegistrationDelegate$BeanPostProcessorChecker [main] Bean 'xmlConfiguration' of type [com.smartosc.training.config.XmlConfiguration$$EnhancerBySpringCGLIB$$1886e00f] is not eligible for getting processed by all BeanPostProcessors (for example: not eligible for auto-proxying)
2020-07-24 14:58:02,733 INFO o.s.c.s.PostProcessorRegistrationDelegate$BeanPostProcessorChecker [main] Bean 'org.springframework.ws.config.annotation.DelegatingWsConfiguration' of type [org.springframework.ws.config.annotation.DelegatingWsConfiguration$$EnhancerBySpringCGLIB$$7b103ee7] is not eligible for getting processed by all BeanPostProcessors (for example: not eligible for auto-proxying)
2020-07-24 14:58:02,756 INFO o.s.c.s.PostProcessorRegistrationDelegate$BeanPostProcessorChecker [main] Bean 'payloadLoggingInterceptor' of type [org.springframework.ws.server.endpoint.interceptor.PayloadLoggingInterceptor] is not eligible for getting processed by all BeanPostProcessors (for example: not eligible for auto-proxying)
2020-07-24 14:58:02,761 INFO o.s.c.s.PostProcessorRegistrationDelegate$BeanPostProcessorChecker [main] Bean 'typeRoomSchema' of type [org.springframework.xml.xsd.SimpleXsdSchema] is not eligible for getting processed by all BeanPostProcessors (for example: not eligible for auto-proxying)
2020-07-24 14:58:02,792 INFO o.s.c.s.PostProcessorRegistrationDelegate$BeanPostProcessorChecker [main] Bean 'payloadValidatingInterceptor' of type [org.springframework.ws.soap.server.endpoint.interceptor.PayloadValidatingInterceptor] is not eligible for getting processed by all BeanPostProcessors (for example: not eligible for auto-proxying)
2020-07-24 14:58:02,794 INFO o.s.w.s.a.s.AbstractAddressingEndpointMapping [main] Supporting [WS-Addressing August 2004, WS-Addressing 1.0]
2020-07-24 14:58:02,815 INFO o.s.c.s.PostProcessorRegistrationDelegate$BeanPostProcessorChecker [main] Bean 'org.springframework.retry.annotation.RetryConfiguration' of type [org.springframework.retry.annotation.RetryConfiguration$$EnhancerBySpringCGLIB$$cc3c120d] is not eligible for getting processed by all BeanPostProcessors (for example: not eligible for auto-proxying)
2020-07-24 14:58:02,834 INFO o.s.c.s.PostProcessorRegistrationDelegate$BeanPostProcessorChecker [main] Bean 'org.springframework.transaction.annotation.ProxyTransactionManagementConfiguration' of type [org.springframework.transaction.annotation.ProxyTransactionManagementConfiguration] is not eligible for getting processed by all BeanPostProcessors (for example: not eligible for auto-proxying)
2020-07-24 14:58:02,897 INFO o.s.c.s.PostProcessorRegistrationDelegate$BeanPostProcessorChecker [main] Bean 'org.springframework.security.config.annotation.configuration.ObjectPostProcessorConfiguration' of type [org.springframework.security.config.annotation.configuration.ObjectPostProcessorConfiguration] is not eligible for getting processed by all BeanPostProcessors (for example: not eligible for auto-proxying)
2020-07-24 14:58:02,900 INFO o.s.c.s.PostProcessorRegistrationDelegate$BeanPostProcessorChecker [main] Bean 'objectPostProcessor' of type [org.springframework.security.config.annotation.configuration.AutowireBeanFactoryObjectPostProcessor] is not eligible for getting processed by all BeanPostProcessors (for example: not eligible for auto-proxying)
2020-07-24 14:58:02,903 INFO o.s.c.s.PostProcessorRegistrationDelegate$BeanPostProcessorChecker [main] Bean 'org.springframework.security.access.expression.method.DefaultMethodSecurityExpressionHandler@1c68d0db' of type [org.springframework.security.access.expression.method.DefaultMethodSecurityExpressionHandler] is not eligible for getting processed by all BeanPostProcessors (for example: not eligible for auto-proxying)
2020-07-24 14:58:02,905 INFO o.s.c.s.PostProcessorRegistrationDelegate$BeanPostProcessorChecker [main] Bean 'org.springframework.security.config.annotation.method.configuration.GlobalMethodSecurityConfiguration' of type [org.springframework.security.config.annotation.method.configuration.GlobalMethodSecurityConfiguration] is not eligible for getting processed by all BeanPostProcessors (for example: not eligible for auto-proxying)
2020-07-24 14:58:02,913 INFO o.s.c.s.PostProcessorRegistrationDelegate$BeanPostProcessorChecker [main] Bean 'methodSecurityMetadataSource' of type [org.springframework.security.access.method.DelegatingMethodSecurityMetadataSource] is not eligible for getting processed by all BeanPostProcessors (for example: not eligible for auto-proxying)
2020-07-24 14:58:03,123 INFO o.s.b.w.e.t.TomcatWebServer [main] Tomcat initialized with port(s): 8004 (http)
2020-07-24 14:58:03,129 INFO o.a.j.l.DirectJDKLog [main] Initializing ProtocolHandler ["http-nio-8004"]
2020-07-24 14:58:03,129 INFO o.a.j.l.DirectJDKLog [main] Starting service [Tomcat]
2020-07-24 14:58:03,130 INFO o.a.j.l.DirectJDKLog [main] Starting Servlet engine: [Apache Tomcat/9.0.29]
2020-07-24 14:58:03,242 INFO o.a.j.l.DirectJDKLog [main] Initializing Spring embedded WebApplicationContext
2020-07-24 14:58:03,243 INFO o.s.b.w.s.c.ServletWebServerApplicationContext [main] Root WebApplicationContext: initialization completed in 1478 ms
2020-07-24 14:58:03,450 INFO o.h.j.i.u.LogHelper [main] HHH000204: Processing PersistenceUnitInfo [name: default]
2020-07-24 14:58:03,496 INFO o.h.Version [main] HHH000412: Hibernate Core {5.4.9.Final}
2020-07-24 14:58:03,566 INFO o.h.a.c.r.j.JavaReflectionManager [main] HCANN000001: Hibernate Commons Annotations {5.1.0.Final}
2020-07-24 14:58:03,631 INFO c.z.h.HikariDataSource [main] HikariPool-1 - Starting...
2020-07-24 14:58:03,884 INFO c.z.h.HikariDataSource [main] HikariPool-1 - Start completed.
2020-07-24 14:58:03,893 INFO o.h.d.Dialect [main] HHH000400: Using dialect: org.hibernate.dialect.MySQL5InnoDBDialect
2020-07-24 14:58:04,537 INFO o.h.e.t.j.p.i.JtaPlatformInitiator [main] HHH000490: Using JtaPlatform implementation: [org.hibernate.engine.transaction.jta.platform.internal.NoJtaPlatform]
2020-07-24 14:58:04,542 INFO o.s.o.j.AbstractEntityManagerFactoryBean [main] Initialized JPA EntityManagerFactory for persistence unit 'default'
2020-07-24 14:58:04,805 WARN o.s.b.a.o.j.JpaBaseConfiguration$JpaWebConfiguration [main] spring.jpa.open-in-view is enabled by default. Therefore, database queries may be performed during view rendering. Explicitly configure spring.jpa.open-in-view to disable this warning
2020-07-24 14:58:05,473 INFO s.d.s.w.PropertySourcedRequestMappingHandlerMapping [main] Mapped URL path [/v2/api-docs] onto method [springfox.documentation.swagger2.web.Swagger2Controller#getDocumentation(String, HttpServletRequest)]
2020-07-24 14:58:05,630 INFO o.s.s.w.DefaultSecurityFilterChain [main] Creating filter chain: Ant [pattern='/resources/**'], []
2020-07-24 14:58:05,631 INFO o.s.s.w.DefaultSecurityFilterChain [main] Creating filter chain: Ant [pattern='/static/**'], []
2020-07-24 14:58:05,631 INFO o.s.s.w.DefaultSecurityFilterChain [main] Creating filter chain: Ant [pattern='/css/**'], []
2020-07-24 14:58:05,631 INFO o.s.s.w.DefaultSecurityFilterChain [main] Creating filter chain: Ant [pattern='/js/**'], []
2020-07-24 14:58:05,631 INFO o.s.s.w.DefaultSecurityFilterChain [main] Creating filter chain: Ant [pattern='/images/**'], []
2020-07-24 14:58:05,670 INFO o.s.s.w.DefaultSecurityFilterChain [main] Creating filter chain: any request, [org.springframework.security.web.context.request.async.WebAsyncManagerIntegrationFilter@596343e7, org.springframework.security.web.context.SecurityContextPersistenceFilter@718198db, org.springframework.security.web.header.HeaderWriterFilter@6872201, org.springframework.security.web.authentication.logout.LogoutFilter@5180f430, com.smartosc.training.securities.RequestFilter@173602c0, org.springframework.security.web.authentication.UsernamePasswordAuthenticationFilter@1d0fae45, org.springframework.security.web.savedrequest.RequestCacheAwareFilter@1bc80978, org.springframework.security.web.servletapi.SecurityContextHolderAwareRequestFilter@a824f87, org.springframework.security.web.authentication.AnonymousAuthenticationFilter@3b25ce5e, org.springframework.security.web.session.SessionManagementFilter@19984625, org.springframework.security.web.access.ExceptionTranslationFilter@5854e526, org.springframework.security.web.access.intercept.FilterSecurityInterceptor@12b34bd5]
2020-07-24 14:58:05,842 INFO o.s.s.c.ExecutorConfigurationSupport [main] Initializing ExecutorService 'applicationTaskExecutor'
2020-07-24 14:58:06,028 INFO s.d.s.w.p.DocumentationPluginsBootstrapper [main] Context refreshed
2020-07-24 14:58:06,041 INFO s.d.s.w.p.DocumentationPluginsBootstrapper [main] Found 1 custom documentation plugin(s)
2020-07-24 14:58:06,082 INFO s.d.s.w.s.ApiListingReferenceScanner [main] Scanning for api listing references
2020-07-24 14:58:06,128 INFO s.b.v.p.p.SizeAnnotationPlugin [main] searching for @size: false
2020-07-24 14:58:06,184 INFO s.b.v.p.p.SizeAnnotationPlugin [main] searching for @size: false
2020-07-24 14:58:06,189 INFO s.b.v.p.p.SizeAnnotationPlugin [main] searching for @size: false
2020-07-24 14:58:06,189 INFO s.b.v.p.p.SizeAnnotationPlugin [main] searching for @size: false
2020-07-24 14:58:06,192 INFO s.b.v.p.p.SizeAnnotationPlugin [main] searching for @size: false
2020-07-24 14:58:06,192 INFO s.b.v.p.p.SizeAnnotationPlugin [main] searching for @size: false
2020-07-24 14:58:06,197 INFO s.b.v.p.p.SizeAnnotationPlugin [main] searching for @size: false
2020-07-24 14:58:06,202 INFO s.b.v.p.p.SizeAnnotationPlugin [main] searching for @size: false
2020-07-24 14:58:06,212 INFO s.b.v.p.p.SizeAnnotationPlugin [main] searching for @size: false
2020-07-24 14:58:06,213 INFO s.b.v.p.p.SizeAnnotationPlugin [main] searching for @size: false
2020-07-24 14:58:06,215 INFO s.b.v.p.p.SizeAnnotationPlugin [main] searching for @size: false
2020-07-24 14:58:06,218 INFO s.b.v.p.p.SizeAnnotationPlugin [main] searching for @size: false
2020-07-24 14:58:06,219 INFO s.b.v.p.p.SizeAnnotationPlugin [main] searching for @size: false
2020-07-24 14:58:06,220 INFO s.b.v.p.p.SizeAnnotationPlugin [main] searching for @size: false
2020-07-24 14:58:06,225 INFO s.b.v.p.p.SizeAnnotationPlugin [main] searching for @size: false
2020-07-24 14:58:06,227 INFO s.b.v.p.p.SizeAnnotationPlugin [main] searching for @size: false
2020-07-24 14:58:06,230 INFO s.b.v.p.p.SizeAnnotationPlugin [main] searching for @size: false
2020-07-24 14:58:06,232 INFO s.b.v.p.p.SizeAnnotationPlugin [main] searching for @size: false
2020-07-24 14:58:06,234 INFO s.b.v.p.p.SizeAnnotationPlugin [main] searching for @size: false
2020-07-24 14:58:06,234 INFO s.d.s.w.r.o.CachingOperationNameGenerator [main] Generating unique operation named: updateInformationUsingPUT_1
2020-07-24 14:58:06,235 INFO s.b.v.p.p.SizeAnnotationPlugin [main] searching for @size: false
2020-07-24 14:58:06,236 INFO s.d.s.w.r.o.CachingOperationNameGenerator [main] Generating unique operation named: createTypeRoomUsingPOST_1
2020-07-24 14:58:06,238 INFO s.b.v.p.p.SizeAnnotationPlugin [main] searching for @size: false
2020-07-24 14:58:06,239 INFO s.b.v.p.p.SizeAnnotationPlugin [main] searching for @size: false
2020-07-24 14:58:06,243 INFO s.b.v.p.p.SizeAnnotationPlugin [main] searching for @size: false
2020-07-24 14:58:06,243 INFO s.d.s.w.r.o.CachingOperationNameGenerator [main] Generating unique operation named: updateTypeRoomUsingPUT_1
2020-07-24 14:58:06,247 INFO s.b.v.p.p.SizeAnnotationPlugin [main] searching for @size: false
2020-07-24 14:58:06,248 INFO s.b.v.p.p.SizeAnnotationPlugin [main] searching for @size: false
2020-07-24 14:58:06,254 INFO s.b.v.p.p.SizeAnnotationPlugin [main] searching for @size: false
2020-07-24 14:58:06,255 INFO s.b.v.p.p.SizeAnnotationPlugin [main] searching for @size: false
2020-07-24 14:58:06,255 INFO s.b.v.p.p.SizeAnnotationPlugin [main] searching for @size: false
2020-07-24 14:58:06,269 INFO o.a.j.l.DirectJDKLog [main] Starting ProtocolHandler ["http-nio-8004"]
2020-07-24 14:58:06,284 INFO o.s.b.w.e.t.TomcatWebServer [main] Tomcat started on port(s): 8004 (http) with context path ''
2020-07-24 14:58:06,286 INFO o.s.b.StartupInfoLogger [main] Started ServiceApplication in 4.816 seconds (JVM running for 7.075)
